<?xml version="1.0" encoding="UTF-8"?>
<!-- Generated by org.testng.reporters.JUnitReportReporter -->
<testsuite hostname="DESKTOP-U9CT9S0" failures="0" tests="3" name="com.Amazon_Project.Logintestcase" time="0.017" errors="0" timestamp="2022-01-09T10:34:41 IST" skipped="0">
  <testcase classname="com.Amazon_Project.Logintestcase" name="verify_valid_login" time="0.011"/>
  <system-out/>
  <testcase classname="com.Amazon_Project.Logintestcase" name="verify_invalid_login" time="0.001"/>
  <system-out/>
  <testcase classname="com.Amazon_Project.Logintestcase" name="verif_link" time="0.005"/>
  <system-out/>
</testsuite> <!-- com.Amazon_Project.Logintestcase -->
