<?xml version="1.0" encoding="UTF-8"?>
<!-- Generated by org.testng.reporters.JUnitReportReporter -->
<testsuite hostname="DESKTOP-U9CT9S0" failures="0" tests="1" name="com.Amazon_Project.Test_Reports" time="16.449" errors="0" timestamp="2022-01-13T11:47:52 IST" skipped="0">
  <testcase classname="com.Amazon_Project.Test_Reports" name="Testreports" time="16.449"/>
  <system-out/>
</testsuite> <!-- com.Amazon_Project.Test_Reports -->
