<?xml version="1.0" encoding="UTF-8"?>
<!-- Generated by org.testng.reporters.JUnitReportReporter -->
<testsuite hostname="DESKTOP-U9CT9S0" failures="0" tests="5" name="com.Amazon_Project.TestNGAttributes" time="0.021" errors="0" timestamp="2022-01-12T14:06:07 IST" skipped="0">
  <testcase classname="com.Amazon_Project.TestNGAttributes" name="method2" time="0.002"/>
  <system-out/>
  <testcase classname="com.Amazon_Project.TestNGAttributes" name="testMethods" time="0.002"/>
  <system-out/>
  <testcase classname="com.Amazon_Project.TestNGAttributes" name="Test1" time="0.014"/>
  <system-out/>
  <testcase classname="com.Amazon_Project.TestNGAttributes" name="method1" time="0.002"/>
  <system-out/>
  <testcase classname="com.Amazon_Project.TestNGAttributes" name="Test2" time="0.001"/>
  <system-out/>
</testsuite> <!-- com.Amazon_Project.TestNGAttributes -->
