<?xml version="1.0" encoding="UTF-8"?>
<!-- Generated by org.testng.reporters.JUnitReportReporter -->
<testsuite hostname="DESKTOP-U9CT9S0" failures="0" tests="2" name="com.Amazon_Project.LoginPageObj" time="9.808" errors="0" timestamp="2022-01-12T17:22:20 IST" skipped="0">
  <testcase classname="com.Amazon_Project.LoginPageObj" name="Verify_valid_login" time="7.294"/>
  <system-out/>
  <testcase classname="com.Amazon_Project.LoginPageObj" name="Verify_Invalid_login" time="2.514"/>
  <system-out/>
</testsuite> <!-- com.Amazon_Project.LoginPageObj -->
