<?xml version="1.0" encoding="UTF-8"?>
<!-- Generated by org.testng.reporters.JUnitReportReporter -->
<testsuite hostname="DESKTOP-U9CT9S0" failures="0" tests="1" name="com.Amazon_Project.SearchTest" time="7.383" errors="0" timestamp="2022-01-09T19:36:16 IST" skipped="0">
  <testcase classname="com.Amazon_Project.SearchTest" name="testsearch" time="7.383"/>
  <system-out/>
</testsuite> <!-- com.Amazon_Project.SearchTest -->
