<?xml version="1.0" encoding="UTF-8"?>
<!-- Generated by org.testng.reporters.JUnitReportReporter -->
<testsuite hostname="DESKTOP-U9CT9S0" failures="0" tests="2" name="com.Amazon_Project.Annotationsclass" time="0.962" errors="0" timestamp="2022-01-09T11:35:30 IST" skipped="0">
  <testcase classname="com.Amazon_Project.Annotationsclass" name="verify_Images_link" time="0.919"/>
  <system-out/>
  <testcase classname="com.Amazon_Project.Annotationsclass" name="verify_gmail_link" time="0.043"/>
  <system-out/>
</testsuite> <!-- com.Amazon_Project.Annotationsclass -->
